<?xml version="1.0" encoding="UTF-8"?>
<testsuite name="com.flash1117.springboot.web.HelloControllerTest" tests="2" skipped="0" failures="0" errors="0" timestamp="2020-12-18T06:53:48" hostname="DESKTOP-1LCVU1E" time="0.625">
  <properties/>
  <testcase name="hello가_리턴된다" classname="com.flash1117.springboot.web.HelloControllerTest" time="0.369"/>
  <testcase name="helloDto가_리턴된다" classname="com.flash1117.springboot.web.HelloControllerTest" time="0.253"/>
  <system-out><![CDATA[2020-12-18 15:53:44.709  INFO 2016 --- [    Test worker] .b.t.a.w.s.WebMvcTestContextBootstrapper : Neither @ContextConfiguration nor @ContextHierarchy found for test class [com.flash1117.springboot.web.HelloControllerTest], using SpringBootContextLoader
2020-12-18 15:53:44.712  INFO 2016 --- [    Test worker] o.s.t.c.support.AbstractContextLoader    : Could not detect default resource locations for test class [com.flash1117.springboot.web.HelloControllerTest]: no resource found for suffixes {-context.xml, Context.groovy}.
2020-12-18 15:53:44.713  INFO 2016 --- [    Test worker] t.c.s.AnnotationConfigContextLoaderUtils : Could not detect default configuration classes for test class [com.flash1117.springboot.web.HelloControllerTest]: HelloControllerTest does not declare any static, non-private, non-final, nested classes annotated with @Configuration.
2020-12-18 15:53:44.849  INFO 2016 --- [    Test worker] .b.t.c.SpringBootTestContextBootstrapper : Found @SpringBootConfiguration com.flash1117.springboot.Application for test class com.flash1117.springboot.web.HelloControllerTest
2020-12-18 15:53:44.852  INFO 2016 --- [    Test worker] .b.t.a.w.s.WebMvcTestContextBootstrapper : Loaded default TestExecutionListener class names from location [META-INF/spring.factories]: [org.springframework.security.test.context.support.WithSecurityContextTestExecutionListener, org.springframework.security.test.context.support.ReactorContextTestExecutionListener, org.springframework.boot.test.autoconfigure.restdocs.RestDocsTestExecutionListener, org.springframework.boot.test.autoconfigure.web.client.MockRestServiceServerResetTestExecutionListener, org.springframework.boot.test.autoconfigure.web.servlet.MockMvcPrintOnlyOnFailureTestExecutionListener, org.springframework.boot.test.autoconfigure.web.servlet.WebDriverTestExecutionListener, org.springframework.boot.test.mock.mockito.MockitoTestExecutionListener, org.springframework.boot.test.mock.mockito.ResetMocksTestExecutionListener, org.springframework.test.context.web.ServletTestExecutionListener, org.springframework.test.context.support.DirtiesContextBeforeModesTestExecutionListener, org.springframework.test.context.support.DependencyInjectionTestExecutionListener, org.springframework.test.context.support.DirtiesContextTestExecutionListener, org.springframework.test.context.transaction.TransactionalTestExecutionListener, org.springframework.test.context.jdbc.SqlScriptsTestExecutionListener]
2020-12-18 15:53:44.855  INFO 2016 --- [    Test worker] .b.t.a.w.s.WebMvcTestContextBootstrapper : Using TestExecutionListeners: [org.springframework.test.context.web.ServletTestExecutionListener@5b161fe5, org.springframework.test.context.support.DirtiesContextBeforeModesTestExecutionListener@595d4616, org.springframework.boot.test.mock.mockito.MockitoTestExecutionListener@2d392f21, org.springframework.boot.test.autoconfigure.SpringBootDependencyInjectionTestExecutionListener@5d42c67f, org.springframework.test.context.support.DirtiesContextTestExecutionListener@36400305, org.springframework.test.context.transaction.TransactionalTestExecutionListener@51e9e2d, org.springframework.test.context.jdbc.SqlScriptsTestExecutionListener@61baf988, org.springframework.security.test.context.support.WithSecurityContextTestExecutionListener@2a00aafe, org.springframework.security.test.context.support.ReactorContextTestExecutionListener@1c6edc90, org.springframework.boot.test.autoconfigure.restdocs.RestDocsTestExecutionListener@6d70c6c6, org.springframework.boot.test.autoconfigure.web.client.MockRestServiceServerResetTestExecutionListener@5b301459, org.springframework.boot.test.autoconfigure.web.servlet.MockMvcPrintOnlyOnFailureTestExecutionListener@7448029b, org.springframework.boot.test.autoconfigure.web.servlet.WebDriverTestExecutionListener@1ea8cade, org.springframework.boot.test.mock.mockito.ResetMocksTestExecutionListener@7585693b]

  .   ____          _            __ _ _
 /\\ / ___'_ __ _ _(_)_ __  __ _ \ \ \ \
( ( )\___ | '_ | '_| | '_ \/ _` | \ \ \ \
 \\/  ___)| |_)| | | | | || (_| |  ) ) ) )
  '  |____| .__|_| |_|_| |_\__, | / / / /
 =========|_|==============|___/=/_/_/_/
 :: Spring Boot ::        (v2.1.7.RELEASE)

2020-12-18 15:53:44.994  INFO 2016 --- [    Test worker] c.f.springboot.web.HelloControllerTest   : Starting HelloControllerTest on DESKTOP-1LCVU1E with PID 2016 (started by flash in C:\Users\flash\IdeaProjects\springboot-webservice)
2020-12-18 15:53:45.011  INFO 2016 --- [    Test worker] c.f.springboot.web.HelloControllerTest   : No active profile set, falling back to default profiles: default
2020-12-18 15:53:46.438  INFO 2016 --- [    Test worker] o.s.s.concurrent.ThreadPoolTaskExecutor  : Initializing ExecutorService 'applicationTaskExecutor'
2020-12-18 15:53:46.547  INFO 2016 --- [    Test worker] o.s.b.a.w.s.WelcomePageHandlerMapping    : Adding welcome page template: index
2020-12-18 15:53:47.386  INFO 2016 --- [    Test worker] .s.s.UserDetailsServiceAutoConfiguration : 

Using generated security password: 0598976f-1791-4924-9f0e-fc55efaf2946

2020-12-18 15:53:47.916  INFO 2016 --- [    Test worker] o.s.s.web.DefaultSecurityFilterChain     : Creating filter chain: any request, [org.springframework.security.web.context.request.async.WebAsyncManagerIntegrationFilter@7f3e4681, org.springframework.security.web.context.SecurityContextPersistenceFilter@4431b868, org.springframework.security.web.header.HeaderWriterFilter@31e8f8c7, org.springframework.security.web.csrf.CsrfFilter@4eb9e945, org.springframework.security.web.authentication.logout.LogoutFilter@59422e0, org.springframework.security.web.authentication.UsernamePasswordAuthenticationFilter@397202ef, org.springframework.security.web.authentication.ui.DefaultLoginPageGeneratingFilter@7d5bb09b, org.springframework.security.web.authentication.ui.DefaultLogoutPageGeneratingFilter@477872a7, org.springframework.security.web.authentication.www.BasicAuthenticationFilter@269afb6b, org.springframework.security.web.savedrequest.RequestCacheAwareFilter@6d9c1515, org.springframework.security.web.servletapi.SecurityContextHolderAwareRequestFilter@1bc4e6a1, org.springframework.security.web.authentication.AnonymousAuthenticationFilter@36c88880, org.springframework.security.web.session.SessionManagementFilter@301acc7e, org.springframework.security.web.access.ExceptionTranslationFilter@7a8a61ca, org.springframework.security.web.access.intercept.FilterSecurityInterceptor@40cd51da]
2020-12-18 15:53:48.019  INFO 2016 --- [    Test worker] o.s.b.t.m.w.SpringBootMockServletContext : Initializing Spring TestDispatcherServlet ''
2020-12-18 15:53:48.033  INFO 2016 --- [    Test worker] o.s.t.web.servlet.TestDispatcherServlet  : Initializing Servlet ''
2020-12-18 15:53:48.075  INFO 2016 --- [    Test worker] o.s.t.web.servlet.TestDispatcherServlet  : Completed initialization in 39 ms
2020-12-18 15:53:48.183  INFO 2016 --- [    Test worker] c.f.springboot.web.HelloControllerTest   : Started HelloControllerTest in 3.318 seconds (JVM running for 28.222)
]]></system-out>
  <system-err><![CDATA[]]></system-err>
</testsuite>
